  Generating ui_qt_toolbox.h
  Generating moc_qt_toolbox.cpp
  Generating moc_surgicaldetection.cpp
  E:/DEVEL/SurgicalProcessIdentificationSystem/src/surgicaldetection.h(0): Note: No relevant classes found. No output generated.
  Generating moc_surgicalposition.cpp
  E:/DEVEL/SurgicalProcessIdentificationSystem/src/surgicalposition.h(0): Note: No relevant classes found. No output generated.
  Generating moc_surgicalidentification.cpp
  E:/DEVEL/SurgicalProcessIdentificationSystem/src/surgicalidentification.h(0): Note: No relevant classes found. No output generated.
  main.cpp
  qt_toolbox.cpp
  surgicaldetection.cpp
  surgicalposition.cpp
E:\DEVEL\SurgicalProcessIdentificationSystem\src\surgicalposition.cpp(58): warning C4101: 'input_navilog': ローカル変数は 1 度も使われていません。
E:\DEVEL\SurgicalProcessIdentificationSystem\src\surgicalposition.cpp(261): warning C4101: 'maskmin_sulcus': ローカル変数は 1 度も使われていません。
E:\DEVEL\SurgicalProcessIdentificationSystem\src\surgicalposition.cpp(59): warning C4101: 'input_mri': ローカル変数は 1 度も使われていません。
E:\DEVEL\SurgicalProcessIdentificationSystem\src\surgicalposition.cpp(60): warning C4101: 'input_sulci': ローカル変数は 1 度も使われていません。
E:\DEVEL\SurgicalProcessIdentificationSystem\src\surgicalposition.cpp(655): warning C4101: 'maskmax3': ローカル変数は 1 度も使われていません。
E:\DEVEL\SurgicalProcessIdentificationSystem\src\surgicalposition.cpp(578): warning C4101: 'index3': ローカル変数は 1 度も使われていません。
  surgicalidentification.cpp
  moc_qt_toolbox.cpp
  moc_surgicaldetection.cpp
  moc_surgicalposition.cpp
  moc_surgicalidentification.cpp
  mocs_compilation.cpp
  コードを生成中...
     ライブラリ E:/DEVEL/SurgicalProcessIdentificationSystem/Build/src/Release/SurgicalProcessIdentificationSystem.lib とオブジェクト E:/DEVEL/SurgicalProcessIdentificationSystem/Build/src/Release/SurgicalProcessIdentificationSystem.exp を作成中
  SurgicalProcessIdentificationSystem.vcxproj -> E:\DEVEL\SurgicalProcessIdentificationSystem\Build\src\Release\SurgicalProcessIdentificationSystem.exe
